<?xml version="1.0" encoding="UTF-8"?>
<!-- Generated by org.testng.reporters.JUnitXMLReporter -->
<testsuite ignored="0" hostname="user" failures="0" tests="1" name="ChromeTest" time="0.082" errors="0" timestamp="2022-07-04T15:38:55 IST">
  <testcase classname="kiteTestClass.VAlidateKiteUSerIDUsingProp" name="@BeforeClass launchBrowser" time="-1.656929334961E9">
    <failure type="org.testng.TestNGException" message="
Parameter &amp;apos;Browsername&amp;apos; is required by BeforeClass on method launchBrowser but has not been marked @Optional or defined
in C:\Users\Dell\eclipse-workspace\26thMarch-B Selenium\crossProptestng.xml">
      <![CDATA[org.testng.TestNGException: 
Parameter 'Browsername' is required by BeforeClass on method launchBrowser but has not been marked @Optional or defined
in C:\Users\Dell\eclipse-workspace\26thMarch-B Selenium\crossProptestng.xml
at java.base/java.util.ArrayList.forEach(ArrayList.java:1511)
at java.base/java.util.concurrent.FutureTask.run(FutureTask.java:264)
at java.base/java.util.concurrent.ThreadPoolExecutor.runWorker(ThreadPoolExecutor.java:1136)
at java.base/java.util.concurrent.ThreadPoolExecutor$Worker.run(ThreadPoolExecutor.java:635)
at java.base/java.lang.Thread.run(Thread.java:833)
... Removed 13 stack frames]]>
    </failure>
  </testcase> <!-- @BeforeClass launchBrowser -->
  <testcase classname="kiteTestClass.VAlidateKiteUSerIDUsingProp" name="@BeforeMethod loginToKiteApp" time="-1.656929335002E9">
    <skipped/>
  </testcase> <!-- @BeforeMethod loginToKiteApp -->
  <testcase classname="kiteTestClass.VAlidateKiteUSerIDUsingProp" name="@AfterMethod logOutfromKite" time="-1.656929335012E9">
    <skipped/>
  </testcase> <!-- @AfterMethod logOutfromKite -->
  <testcase classname="kiteTestClass.VAlidateKiteUSerIDUsingProp" name="@AfterClass closeBrowser" time="-1.656929335018E9">
    <skipped/>
  </testcase> <!-- @AfterClass closeBrowser -->
  <testcase classname="kiteTestClass.VAlidateKiteUSerIDUsingProp" name="validateUserid" time="0.0">
    <skipped/>
  </testcase> <!-- validateUserid -->
</testsuite> <!-- ChromeTest -->
